<?xml version="1.0" encoding="UTF-8"?>
<!-- Generated by org.testng.reporters.JUnitXMLReporter -->
<testsuite ignored="0" hostname="DESKTOP-VP6RPDK" failures="2" tests="9" name="Reviewing TestNG capabilities" time="0.098" errors="0" timestamp="2022-06-16T20:00:52 BST">
  <testcase classname="com.easylearn.testng.refresh.TestNGGroupingSample" name="testMethodOpal" time="0.006"/>
  <testcase classname="com.easylearn.testng.refresh.TestNGGroupingSample" name="testMethodIronMan" time="0.0">
    <failure type="java.lang.ArithmeticException" message="/ by zero">
      <![CDATA[java.lang.ArithmeticException: / by zero
at com.easylearn.testng.refresh.TestNGGroupingSample.testMethodIronMan(TestNGGroupingSample.java:43)
at java.base/java.util.ArrayList.forEach(ArrayList.java:1511)
... Removed 27 stack frames]]>
    </failure>
  </testcase> <!-- testMethodIronMan -->
  <testcase classname="com.easylearn.testng.refresh.TestNGGroupingSample" name="testMethodSandStorm" time="0.002"/>
  <testcase classname="com.easylearn.testng.refresh.TestNGGroupingSample" name="testMethodSpitFire" time="0.001"/>
  <testcase classname="com.easylearn.testng.refresh.TestNGGroupingSample" name="testMethodMecury" time="0.001"/>
  <testcase classname="com.easylearn.testng.refresh.TestNGGroupingSample" name="testMethodSaphire" time="0.001"/>
  <testcase classname="com.easylearn.testng.refresh.TestNGGroupingSample" name="testMethodJupital" time="0.001">
    <failure type="java.lang.ArithmeticException" message="/ by zero">
      <![CDATA[java.lang.ArithmeticException: / by zero
at com.easylearn.testng.refresh.TestNGGroupingSample.testMethodJupital(TestNGGroupingSample.java:38)
at java.base/java.util.ArrayList.forEach(ArrayList.java:1511)
... Removed 27 stack frames]]>
    </failure>
  </testcase> <!-- testMethodJupital -->
  <testcase classname="com.easylearn.testng.refresh.TestNGGroupingSample" name="testMethodBlackWidow" time="0.0">
    <skipped/>
  </testcase> <!-- testMethodBlackWidow -->
  <testcase classname="com.easylearn.testng.refresh.TestNGParameterSample" name="validCredentialsLogin" time="0.002"/>
</testsuite> <!-- Reviewing TestNG capabilities -->
